<?xml version="1.0" encoding="UTF-8"?>
<!-- Generated by org.testng.reporters.JUnitReportReporter -->
<testsuite hostname="DESKTOP-LOJOMDE" failures="0" tests="4" name="CRUDOperation.UserCRUDTest" time="7.515" errors="0" timestamp="2025-06-15T10:51:29 IST" skipped="0">
  <testcase classname="CRUDOperation.UserCRUDTest" name="createUser" time="5.607"/>
  <testcase classname="CRUDOperation.UserCRUDTest" name="getUser" time="0.275"/>
  <testcase classname="CRUDOperation.UserCRUDTest" name="updateUser" time="0.971"/>
  <testcase classname="CRUDOperation.UserCRUDTest" name="deleteUser" time="0.662"/>
</testsuite> <!-- CRUDOperation.UserCRUDTest -->
