<?xml version="1.0" encoding="UTF-8"?>
<!-- Generated by org.testng.reporters.JUnitReportReporter -->
<testsuite hostname="DESKTOP-LOJOMDE" failures="0" tests="1" name="CRUDOperation.ContactCRUDTests" time="8.730" errors="0" timestamp="2025-06-13T14:06:16 IST" skipped="0">
  <testcase classname="CRUDOperation.ContactCRUDTests" name="createUser" time="8.730"/>
</testsuite> <!-- CRUDOperation.ContactCRUDTests -->
